2024-08-20 20:52:52,938 sub1 [FATAL] this is an emerg msg
2024-08-20 20:52:52,938 sub1 [FATAL] this is a fatal msg
2024-08-20 20:52:52,938 sub1 [ALERT] this is an alert msg
2024-08-20 20:52:52,938 sub1 [CRIT] this is a crit msg
2024-08-20 20:52:52,938 sub1 [ERROR] this is an error msg
2024-08-20 20:52:52,938 sub1 [WARN] this is a warn msg
2024-08-20 21:00:16,657 sub1 [FATAL] this is an emerg msg
2024-08-20 21:00:16,657 sub1 [FATAL] this is a fatal msg
2024-08-20 21:00:16,657 sub1 [ALERT] this is an alert msg
2024-08-20 21:00:16,657 sub1 [CRIT] this is a crit msg
2024-08-20 21:00:16,657 sub1 [ERROR] this is an error msg
2024-08-20 21:00:16,657 sub1 [WARN] this is a warn msg
2024-08-20 21:02:05,830 sub1 [FATAL] this is an emerg msg
2024-08-20 21:02:05,830 sub1 [FATAL] this is a fatal msg
2024-08-20 21:02:05,830 sub1 [ALERT] this is an alert msg
2024-08-20 21:02:05,830 sub1 [CRIT] this is a crit msg
2024-08-20 21:02:05,830 sub1 [ERROR] this is an error msg
2024-08-20 21:02:05,830 sub1 [WARN] this is a warn msg
2024-08-20 21:02:36,600 sub1 [FATAL] this is an emerg msg
2024-08-20 21:02:36,600 sub1 [FATAL] this is a fatal msg
2024-08-20 21:02:36,600 sub1 [ALERT] this is an alert msg
2024-08-20 21:02:36,600 sub1 [CRIT] this is a crit msg
2024-08-20 21:02:36,600 sub1 [ERROR] this is an error msg
2024-08-20 21:02:36,600 sub1 [WARN] this is a warn msg
2024-08-20 21:47:21,503 sub1 [FATAL] this is an emerg msg
2024-08-20 21:47:21,503 sub1 [FATAL] this is a fatal msg
2024-08-20 21:47:21,503 sub1 [ALERT] this is an alert msg
2024-08-20 21:47:21,503 sub1 [CRIT] this is a crit msg
2024-08-20 21:47:21,503 sub1 [ERROR] this is an error msg
2024-08-20 21:47:21,503 sub1 [WARN] this is a warn msg
